bcccab4f1d7e
*** Found local files:
***   * /opt/airflow/logs/dag_id=task_6/run_id=manual__2024-03-23T09:43:28.629995+00:00/task_id=task_start/attempt=1.log
[2024-03-23T09:43:29.934+0000] {taskinstance.py:1103} INFO - Dependencies all met for dep_context=non-requeueable deps ti=<TaskInstance: task_6.task_start manual__2024-03-23T09:43:28.629995+00:00 [queued]>
[2024-03-23T09:43:29.941+0000] {taskinstance.py:1103} INFO - Dependencies all met for dep_context=requeueable deps ti=<TaskInstance: task_6.task_start manual__2024-03-23T09:43:28.629995+00:00 [queued]>
[2024-03-23T09:43:29.942+0000] {taskinstance.py:1308} INFO - Starting attempt 1 of 1
[2024-03-23T09:43:29.952+0000] {taskinstance.py:1327} INFO - Executing <Task(BashOperator): task_start> on 2024-03-23 09:43:28.629995+00:00
[2024-03-23T09:43:29.958+0000] {standard_task_runner.py:57} INFO - Started process 10809 to run task
[2024-03-23T09:43:29.960+0000] {standard_task_runner.py:84} INFO - Running: ['***', 'tasks', 'run', 'task_6', 'task_start', 'manual__2024-03-23T09:43:28.629995+00:00', '--job-id', '203', '--raw', '--subdir', 'DAGS_FOLDER/task6.py', '--cfg-path', '/tmp/tmpmtpbmo8s']
[2024-03-23T09:43:29.962+0000] {standard_task_runner.py:85} INFO - Job 203: Subtask task_start
[2024-03-23T09:43:29.995+0000] {task_command.py:410} INFO - Running <TaskInstance: task_6.task_start manual__2024-03-23T09:43:28.629995+00:00 [running]> on host bcccab4f1d7e
[2024-03-23T09:43:30.063+0000] {taskinstance.py:1547} INFO - Exporting env vars: AIRFLOW_CTX_DAG_OWNER='***' AIRFLOW_CTX_DAG_ID='task_6' AIRFLOW_CTX_TASK_ID='task_start' AIRFLOW_CTX_EXECUTION_DATE='2024-03-23T09:43:28.629995+00:00' AIRFLOW_CTX_TRY_NUMBER='1' AIRFLOW_CTX_DAG_RUN_ID='manual__2024-03-23T09:43:28.629995+00:00'
[2024-03-23T09:43:30.064+0000] {subprocess.py:63} INFO - Tmp dir root location: /tmp
[2024-03-23T09:43:30.064+0000] {subprocess.py:75} INFO - Running command: ['/bin/bash', '-c', 'echo $RANDOM']
[2024-03-23T09:43:30.076+0000] {subprocess.py:86} INFO - Output:
[2024-03-23T09:43:30.078+0000] {subprocess.py:93} INFO - 2097
[2024-03-23T09:43:30.078+0000] {subprocess.py:97} INFO - Command exited with return code 0
[2024-03-23T09:43:30.097+0000] {taskinstance.py:1350} INFO - Marking task as SUCCESS. dag_id=task_6, task_id=task_start, execution_date=20240323T094328, start_date=20240323T094329, end_date=20240323T094330
[2024-03-23T09:43:30.132+0000] {local_task_job_runner.py:225} INFO - Task exited with return code 0
[2024-03-23T09:43:30.157+0000] {taskinstance.py:2653} INFO - 1 downstream tasks scheduled from follow-on schedule check
